[     291ms] Error: Minified React error #418; visit https://reactjs.org/docs/error-decoder.html?invariant=418 for the full message or use the non-minified dev environment for full errors and additional helpful warnings.
    at Hc (https://www.star-history.com/assets/index-DGqvpaEX.js:38:4806)
    at oh (https://www.star-history.com/assets/index-DGqvpaEX.js:40:6988)
    at Rh (https://www.star-history.com/assets/index-DGqvpaEX.js:40:46518)
    at Ah (https://www.star-history.com/assets/index-DGqvpaEX.js:40:40334)
    at A4 (https://www.star-history.com/assets/index-DGqvpaEX.js:40:40262)
    at Li (https://www.star-history.com/assets/index-DGqvpaEX.js:40:40115)
    at wh (https://www.star-history.com/assets/index-DGqvpaEX.js:40:35112)
    at D (https://www.star-history.com/assets/index-DGqvpaEX.js:25:1597)
    at MessagePort.ia (https://www.star-history.com/assets/index-DGqvpaEX.js:25:1965)
[     295ms] Error: Minified React error #418; visit https://reactjs.org/docs/error-decoder.html?invariant=418 for the full message or use the non-minified dev environment for full errors and additional helpful warnings.
    at Hc (https://www.star-history.com/assets/index-DGqvpaEX.js:38:4806)
    at Rh (https://www.star-history.com/assets/index-DGqvpaEX.js:40:46315)
    at Ah (https://www.star-history.com/assets/index-DGqvpaEX.js:40:40334)
    at A4 (https://www.star-history.com/assets/index-DGqvpaEX.js:40:40262)
    at Li (https://www.star-history.com/assets/index-DGqvpaEX.js:40:40115)
    at wh (https://www.star-history.com/assets/index-DGqvpaEX.js:40:35112)
    at D (https://www.star-history.com/assets/index-DGqvpaEX.js:25:1597)
    at MessagePort.ia (https://www.star-history.com/assets/index-DGqvpaEX.js:25:1965)
[     295ms] Error: Minified React error #423; visit https://reactjs.org/docs/error-decoder.html?invariant=423 for the full message or use the non-minified dev environment for full errors and additional helpful warnings.
    at Rh (https://www.star-history.com/assets/index-DGqvpaEX.js:40:45974)
    at Ah (https://www.star-history.com/assets/index-DGqvpaEX.js:40:40334)
    at A4 (https://www.star-history.com/assets/index-DGqvpaEX.js:40:40262)
    at Li (https://www.star-history.com/assets/index-DGqvpaEX.js:40:40115)
    at Au (https://www.star-history.com/assets/index-DGqvpaEX.js:40:36400)
    at wh (https://www.star-history.com/assets/index-DGqvpaEX.js:40:35348)
    at D (https://www.star-history.com/assets/index-DGqvpaEX.js:25:1597)
    at MessagePort.ia (https://www.star-history.com/assets/index-DGqvpaEX.js:25:1965)
[   31682ms] Error: Minified React error #418; visit https://reactjs.org/docs/error-decoder.html?invariant=418 for the full message or use the non-minified dev environment for full errors and additional helpful warnings.
    at Hc (https://www.star-history.com/assets/index-DGqvpaEX.js:38:4806)
    at oh (https://www.star-history.com/assets/index-DGqvpaEX.js:40:6988)
    at Rh (https://www.star-history.com/assets/index-DGqvpaEX.js:40:46518)
    at Ah (https://www.star-history.com/assets/index-DGqvpaEX.js:40:40334)
    at A4 (https://www.star-history.com/assets/index-DGqvpaEX.js:40:40262)
    at Li (https://www.star-history.com/assets/index-DGqvpaEX.js:40:40115)
    at wh (https://www.star-history.com/assets/index-DGqvpaEX.js:40:35112)
    at D (https://www.star-history.com/assets/index-DGqvpaEX.js:25:1597)
    at MessagePort.ia (https://www.star-history.com/assets/index-DGqvpaEX.js:25:1965)
[   31682ms] Error: Minified React error #418; visit https://reactjs.org/docs/error-decoder.html?invariant=418 for the full message or use the non-minified dev environment for full errors and additional helpful warnings.
    at Hc (https://www.star-history.com/assets/index-DGqvpaEX.js:38:4806)
    at Rh (https://www.star-history.com/assets/index-DGqvpaEX.js:40:46315)
    at Ah (https://www.star-history.com/assets/index-DGqvpaEX.js:40:40334)
    at A4 (https://www.star-history.com/assets/index-DGqvpaEX.js:40:40262)
    at Li (https://www.star-history.com/assets/index-DGqvpaEX.js:40:40115)
    at wh (https://www.star-history.com/assets/index-DGqvpaEX.js:40:35112)
    at D (https://www.star-history.com/assets/index-DGqvpaEX.js:25:1597)
    at MessagePort.ia (https://www.star-history.com/assets/index-DGqvpaEX.js:25:1965)
[   31682ms] Error: Minified React error #423; visit https://reactjs.org/docs/error-decoder.html?invariant=423 for the full message or use the non-minified dev environment for full errors and additional helpful warnings.
    at Rh (https://www.star-history.com/assets/index-DGqvpaEX.js:40:45974)
    at Ah (https://www.star-history.com/assets/index-DGqvpaEX.js:40:40334)
    at A4 (https://www.star-history.com/assets/index-DGqvpaEX.js:40:40262)
    at Li (https://www.star-history.com/assets/index-DGqvpaEX.js:40:40115)
    at Au (https://www.star-history.com/assets/index-DGqvpaEX.js:40:36400)
    at wh (https://www.star-history.com/assets/index-DGqvpaEX.js:40:35348)
    at D (https://www.star-history.com/assets/index-DGqvpaEX.js:25:1597)
    at MessagePort.ia (https://www.star-history.com/assets/index-DGqvpaEX.js:25:1965)
